
ROM used:   18/4096 (0%)
            18/4096 (0%) including unused fragments

            0.0 Average locations per line
            6.0 Average locations per statement

RAM used:   5/368 (1%) at main() level
            5/368 (1%) worst case

Stack used: 0 worst case (0 in main + 0 for interrupts)
Stack size: 8

Lines Stmts  %   Files
----- ----- ---  -----
   24     3 100  main.c
    5     0   0  main.h
  647     0   0  ..\..\..\..\..\..\..\Program Files (x86)\PICC\Devices\16F88.h
  163     0   0  ..\..\..\..\..\..\..\Program Files (x86)\PICC\Drivers\stdint.h
----- -----
  839     3 Total

Page ROM  %  RAM    Vol Diff  Functions:
---- --- --- ---    --- ----  ----------
0     14  78    0     14  0.8  MAIN
 Inline         0             @cinit1

Program metrics:
    Functions               1
    Statements              3
    Comments                154
    Volume (V)              16
    Difficulty (D)          0.5
    Effort to implement (E) 8
    Time to implement (T)   0 minutes
    Est Delivered Bugs (B)  0
    Cyclomatic Complexity   1
    Maintainability (MI)    157

 Segment     Used  Free
-----------  ----  ----
00000-00003     4  0  
00004-007FF    14  2030  
00800-00FFF     0  2048  



